<?xml version="1.0" encoding="UTF-8"?>
<!-- Generated by org.testng.reporters.JUnitXMLReporter -->
<testsuite hostname="HININL151173" ignored="0" name="Test" tests="4" failures="2" timestamp="23 ноя 2020 10:53:13 GMT" time="19.214" errors="0">
  <testcase name="EdgeTest" time="7.348" classname="com.orangeHRM.app.TestNG_Thread_Parallel_Example">
    <failure type="org.openqa.selenium.WebDriverException" message="unknown error: cannot find MSEdge binary
Build info: version: &amp;apos;3.141.59&amp;apos;, revision: &amp;apos;e82be7d358&amp;apos;, time: &amp;apos;2018-11-14T08:17:03&amp;apos;
System info: host: &amp;apos;HININL151173&amp;apos;, ip: &amp;apos;192.168.52.233&amp;apos;, os.name: &amp;apos;Windows 10&amp;apos;, os.arch: &amp;apos;amd64&amp;apos;, os.version: &amp;apos;10.0&amp;apos;, java.version: &amp;apos;1.8.0_271&amp;apos;
Driver info: driver.version: EdgeDriver
remote stacktrace: Backtrace:
	Ordinal0 [0x00007FF6D5BD1862+4135010]
	Ordinal0 [0x00007FF6D5AAA879+2926713]
	Ordinal0 [0x00007FF6D5913A97+1260183]
	Ordinal0 [0x00007FF6D585F270+520816]
	Ordinal0 [0x00007FF6D585C561+509281]
	Ordinal0 [0x00007FF6D588E346+713542]
	Ordinal0 [0x00007FF6D588C66F+706159]
	Ordinal0 [0x00007FF6D5868763+558947]
	Ordinal0 [0x00007FF6D58694FB+562427]
	Ordinal0 [0x00007FF6D5AC7BDD+3046365]
	GetHandleVerifier [0x00007FF6D5D17A69+1212041]
	GetHandleVerifier [0x00007FF6D5D29861+1285249]
	GetHandleVerifier [0x00007FF6D5D183F9+1214489]
	Ordinal0 [0x00007FF6D5ABB061+2994273]
	Ordinal0 [0x00007FF6D5AC9AC5+3054277]
	Ordinal0 [0x00007FF6D5ADED57+3140951]
	BaseThreadInitThunk [0x00007FFA35D07034+20]
	RtlUserThreadStart [0x00007FFA37CDCEC1+33]
">
      <![CDATA[org.openqa.selenium.WebDriverException: unknown error: cannot find MSEdge binary
Build info: version: '3.141.59', revision: 'e82be7d358', time: '2018-11-14T08:17:03'
System info: host: 'HININL151173', ip: '192.168.52.233', os.name: 'Windows 10', os.arch: 'amd64', os.version: '10.0', java.version: '1.8.0_271'
Driver info: driver.version: EdgeDriver
remote stacktrace: Backtrace:
Ordinal0 [0x00007FF6D5BD1862+4135010]
Ordinal0 [0x00007FF6D5AAA879+2926713]
Ordinal0 [0x00007FF6D5913A97+1260183]
Ordinal0 [0x00007FF6D585F270+520816]
Ordinal0 [0x00007FF6D585C561+509281]
Ordinal0 [0x00007FF6D588E346+713542]
Ordinal0 [0x00007FF6D588C66F+706159]
Ordinal0 [0x00007FF6D5868763+558947]
Ordinal0 [0x00007FF6D58694FB+562427]
Ordinal0 [0x00007FF6D5AC7BDD+3046365]
GetHandleVerifier [0x00007FF6D5D17A69+1212041]
GetHandleVerifier [0x00007FF6D5D29861+1285249]
GetHandleVerifier [0x00007FF6D5D183F9+1214489]
Ordinal0 [0x00007FF6D5ABB061+2994273]
Ordinal0 [0x00007FF6D5AC9AC5+3054277]
Ordinal0 [0x00007FF6D5ADED57+3140951]
BaseThreadInitThunk [0x00007FFA35D07034+20]
RtlUserThreadStart [0x00007FFA37CDCEC1+33]

at org.openqa.selenium.remote.W3CHandshakeResponse.lambda$errorHandler$0(W3CHandshakeResponse.java:62)
at org.openqa.selenium.remote.HandshakeResponse.lambda$getResponseFunction$0(HandshakeResponse.java:30)
at org.openqa.selenium.remote.ProtocolHandshake.lambda$createSession$0(ProtocolHandshake.java:126)
at java.util.stream.ReferencePipeline$3$1.accept(Unknown Source)
at java.util.Spliterators$ArraySpliterator.tryAdvance(Unknown Source)
at java.util.stream.ReferencePipeline.forEachWithCancel(Unknown Source)
at java.util.stream.AbstractPipeline.copyIntoWithCancel(Unknown Source)
at java.util.stream.AbstractPipeline.copyInto(Unknown Source)
at java.util.stream.AbstractPipeline.wrapAndCopyInto(Unknown Source)
at java.util.stream.FindOps$FindOp.evaluateSequential(Unknown Source)
at java.util.stream.AbstractPipeline.evaluate(Unknown Source)
at java.util.stream.ReferencePipeline.findFirst(Unknown Source)
at org.openqa.selenium.remote.ProtocolHandshake.createSession(ProtocolHandshake.java:128)
at org.openqa.selenium.remote.ProtocolHandshake.createSession(ProtocolHandshake.java:74)
at org.openqa.selenium.remote.HttpCommandExecutor.execute(HttpCommandExecutor.java:136)
at org.openqa.selenium.remote.service.DriverCommandExecutor.execute(DriverCommandExecutor.java:83)
at org.openqa.selenium.remote.RemoteWebDriver.execute(RemoteWebDriver.java:552)
at org.openqa.selenium.remote.RemoteWebDriver.startSession(RemoteWebDriver.java:213)
at org.openqa.selenium.remote.RemoteWebDriver.<init>(RemoteWebDriver.java:131)
at org.openqa.selenium.edge.EdgeDriver.<init>(EdgeDriver.java:141)
at org.openqa.selenium.edge.EdgeDriver.<init>(EdgeDriver.java:96)
at com.orangeHRM.app.TestNG_Thread_Parallel_Example.EdgeTest(TestNG_Thread_Parallel_Example.java:40)
at java.util.concurrent.ThreadPoolExecutor.runWorker(Unknown Source)
at java.util.concurrent.ThreadPoolExecutor$Worker.run(Unknown Source)
at java.lang.Thread.run(Unknown Source)
... Removed 14 stack frames]]>
    </failure>
  </testcase> <!-- EdgeTest -->
  <testcase name="IETest" time="7.855" classname="com.orangeHRM.app.TestNG_Thread_Parallel_Example">
    <failure type="org.openqa.selenium.SessionNotCreatedException" message="Unexpected error launching Internet Explorer. Browser zoom level was set to 125%. It should be set to 100%
Build info: version: &amp;apos;3.141.59&amp;apos;, revision: &amp;apos;e82be7d358&amp;apos;, time: &amp;apos;2018-11-14T08:17:03&amp;apos;
System info: host: &amp;apos;HININL151173&amp;apos;, ip: &amp;apos;192.168.52.233&amp;apos;, os.name: &amp;apos;Windows 10&amp;apos;, os.arch: &amp;apos;amd64&amp;apos;, os.version: &amp;apos;10.0&amp;apos;, java.version: &amp;apos;1.8.0_271&amp;apos;
Driver info: driver.version: InternetExplorerDriver
remote stacktrace: ">
      <![CDATA[org.openqa.selenium.SessionNotCreatedException: Unexpected error launching Internet Explorer. Browser zoom level was set to 125%. It should be set to 100%
Build info: version: '3.141.59', revision: 'e82be7d358', time: '2018-11-14T08:17:03'
System info: host: 'HININL151173', ip: '192.168.52.233', os.name: 'Windows 10', os.arch: 'amd64', os.version: '10.0', java.version: '1.8.0_271'
Driver info: driver.version: InternetExplorerDriver
remote stacktrace: 
at org.openqa.selenium.remote.W3CHandshakeResponse.lambda$errorHandler$0(W3CHandshakeResponse.java:62)
at org.openqa.selenium.remote.HandshakeResponse.lambda$getResponseFunction$0(HandshakeResponse.java:30)
at org.openqa.selenium.remote.ProtocolHandshake.lambda$createSession$0(ProtocolHandshake.java:126)
at java.util.stream.ReferencePipeline$3$1.accept(Unknown Source)
at java.util.Spliterators$ArraySpliterator.tryAdvance(Unknown Source)
at java.util.stream.ReferencePipeline.forEachWithCancel(Unknown Source)
at java.util.stream.AbstractPipeline.copyIntoWithCancel(Unknown Source)
at java.util.stream.AbstractPipeline.copyInto(Unknown Source)
at java.util.stream.AbstractPipeline.wrapAndCopyInto(Unknown Source)
at java.util.stream.FindOps$FindOp.evaluateSequential(Unknown Source)
at java.util.stream.AbstractPipeline.evaluate(Unknown Source)
at java.util.stream.ReferencePipeline.findFirst(Unknown Source)
at org.openqa.selenium.remote.ProtocolHandshake.createSession(ProtocolHandshake.java:128)
at org.openqa.selenium.remote.ProtocolHandshake.createSession(ProtocolHandshake.java:74)
at org.openqa.selenium.remote.HttpCommandExecutor.execute(HttpCommandExecutor.java:136)
at org.openqa.selenium.remote.service.DriverCommandExecutor.execute(DriverCommandExecutor.java:83)
at org.openqa.selenium.remote.RemoteWebDriver.execute(RemoteWebDriver.java:552)
at org.openqa.selenium.remote.RemoteWebDriver.startSession(RemoteWebDriver.java:213)
at org.openqa.selenium.ie.InternetExplorerDriver.run(InternetExplorerDriver.java:221)
at org.openqa.selenium.ie.InternetExplorerDriver.<init>(InternetExplorerDriver.java:213)
at org.openqa.selenium.ie.InternetExplorerDriver.<init>(InternetExplorerDriver.java:150)
at com.orangeHRM.app.TestNG_Thread_Parallel_Example.IETest(TestNG_Thread_Parallel_Example.java:50)
at java.util.concurrent.ThreadPoolExecutor.runWorker(Unknown Source)
at java.util.concurrent.ThreadPoolExecutor$Worker.run(Unknown Source)
at java.lang.Thread.run(Unknown Source)
... Removed 14 stack frames]]>
    </failure>
  </testcase> <!-- IETest -->
  <testcase name="ChromeTest" time="18.078" classname="com.orangeHRM.app.TestNG_Thread_Parallel_Example"/>
  <testcase name="FireFoxTest" time="19.171" classname="com.orangeHRM.app.TestNG_Thread_Parallel_Example"/>
</testsuite> <!-- Test -->
